2011/05/11 15:27:03 [error] [exception.CDbException] exception 'CDbException' with message 'CDbConnection failed to open the DB connection: SQLSTATE[42000] [1049] Unknown database 'ebs'' in D:\_x\xampplite\yii_lib\db\CDbConnection.php:348
Stack trace:
#0 D:\_x\xampplite\yii_lib\db\CDbConnection.php(297): CDbConnection->open()
#1 D:\_x\xampplite\yii_lib\db\CDbConnection.php(275): CDbConnection->setActive(true)
#2 D:\_x\xampplite\yii_lib\base\CModule.php(372): CDbConnection->init()
#3 D:\_x\xampplite\yii_lib\base\CModule.php(86): CModule->getComponent('db')
#4 D:\_x\xampplite\yii_lib\gii\generators\model\ModelCode.php(52): CModule->__get('db')
#5 D:\_x\xampplite\yii_lib\web\CFormModel.php(40): ModelCode->init()
#6 D:\_x\xampplite\yii_lib\gii\CCodeGenerator.php(149): CFormModel->__construct()
#7 D:\_x\xampplite\yii_lib\gii\CCodeGenerator.php(61): CCodeGenerator->prepare()
#8 D:\_x\xampplite\yii_lib\web\actions\CInlineAction.php(50): CCodeGenerator->actionIndex()
#9 D:\_x\xampplite\yii_lib\web\CController.php(300): CInlineAction->runWithParams(Array)
#10 D:\_x\xampplite\yii_lib\web\CController.php(278): CController->runAction(Object(CInlineAction))
#11 D:\_x\xampplite\yii_lib\web\CController.php(257): CController->runActionWithFilters(Object(CInlineAction), Array)
#12 D:\_x\xampplite\yii_lib\web\CWebApplication.php(328): CController->run('')
#13 D:\_x\xampplite\yii_lib\web\CWebApplication.php(121): CWebApplication->runController('gii/model')
#14 D:\_x\xampplite\yii_lib\base\CApplication.php(155): CWebApplication->processRequest()
#15 D:\_x\xampplite\htdocs\ebs\index.php(13): CApplication->run()
#16 {main} REQUEST_URI=/ebs/index.php/gii/model
2011/05/17 06:22:38 [error] [exception.CException] exception 'CException' with message 'SiteController cannot find the requested view "index".' in E:\WEB\yii_lib\web\CController.php:875
Stack trace:
#0 E:\WEB\yii_lib\web\CController.php(779): CController->renderPartial('index', NULL, true)
#1 E:\WEB\projects\eba\protected\controllers\SiteController.php(32): CController->render('index')
#2 E:\WEB\yii_lib\web\actions\CInlineAction.php(50): SiteController->actionIndex()
#3 E:\WEB\yii_lib\web\CController.php(300): CInlineAction->runWithParams(Array)
#4 E:\WEB\yii_lib\web\CController.php(278): CController->runAction(Object(CInlineAction))
#5 E:\WEB\yii_lib\web\CController.php(257): CController->runActionWithFilters(Object(CInlineAction), Array)
#6 E:\WEB\yii_lib\web\CWebApplication.php(328): CController->run('')
#7 E:\WEB\yii_lib\web\CWebApplication.php(121): CWebApplication->runController('')
#8 E:\WEB\yii_lib\base\CApplication.php(155): CWebApplication->processRequest()
#9 E:\WEB\projects\eba\index.php(13): CApplication->run()
#10 {main} REQUEST_URI=/eba/
